
2024-05-13T10:56:52.924+0100 [INFO]  Terraform version: 1.7.4
2024-05-13T10:56:52.924+0100 [DEBUG] using github.com/hashicorp/go-tfe v1.41.0
2024-05-13T10:56:52.924+0100 [DEBUG] using github.com/hashicorp/hcl/v2 v2.19.1
2024-05-13T10:56:52.924+0100 [DEBUG] using github.com/hashicorp/terraform-svchost v0.1.1
2024-05-13T10:56:52.924+0100 [DEBUG] using github.com/zclconf/go-cty v1.14.1
2024-05-13T10:56:52.924+0100 [INFO]  Go runtime version: go1.21.5
2024-05-13T10:56:52.924+0100 [INFO]  CLI args: []string{"/usr/local/Cellar/tfenv/3.0.0/versions/1.7.4/terraform", "plan", "-out", "infra.tfout"}
2024-05-13T10:56:52.924+0100 [DEBUG] Attempting to open CLI config file: /Users/patrickcowland/.terraformrc
2024-05-13T10:56:52.925+0100 [INFO]  Loading CLI configuration from /Users/patrickcowland/.terraformrc
2024-05-13T10:56:52.925+0100 [INFO]  Loading CLI configuration from /Users/patrickcowland/.terraform.d/credentials.tfrc.json
2024-05-13T10:56:52.925+0100 [DEBUG] checking for credentials in "/Users/patrickcowland/.terraform.d/plugins"
2024-05-13T10:56:52.926+0100 [DEBUG] Explicit provider installation configuration is set
2024-05-13T10:56:52.926+0100 [INFO]  CLI command args: []string{"plan", "-out", "infra.tfout"}
2024-05-13T10:56:52.927+0100 [DEBUG] New state was assigned lineage "8ac5f502-d7a8-c668-876d-4c008d2d1fa8"
2024-05-13T10:56:52.927+0100 [DEBUG] Provider registry.terraform.io/pingidentity/davinci is overridden by dev_overrides
2024-05-13T10:56:52.927+0100 [DEBUG] Provider registry.terraform.io/pingidentity/davinci is overridden to load from /Users/patrickcowland/go/bin
2024-05-13T10:56:52.928+0100 [DEBUG] checking for provisioner in "."
2024-05-13T10:56:52.928+0100 [DEBUG] checking for provisioner in "/usr/local/Cellar/tfenv/3.0.0/versions/1.7.4"
2024-05-13T10:56:52.928+0100 [DEBUG] checking for provisioner in "/Users/patrickcowland/.terraform.d/plugins"
2024-05-13T10:56:52.928+0100 [DEBUG] Provider registry.terraform.io/pingidentity/davinci is overridden by dev_overrides
2024-05-13T10:56:52.930+0100 [INFO]  backend/local: starting Plan operation
